<?xml version="1.0" encoding="UTF-8"?>
<!-- Generated by org.testng.reporters.JUnitReportReporter -->
<testsuite ignored="0" hostname="DESKTOP-I6NS3SM" failures="0" tests="1" name="com.qmetry.qaf.automation.step.client.Scenario" time="0.049" errors="1" timestamp="31 Jan 2022 20:25:59 GMT" skipped="0">
  <testcase classname="com.qmetry.qaf.automation.step.client.Scenario" name="Validate google search text box" time="0.049">
    <error message="Could not initialize class com.qmetry.qaf.automation.cucumber.CucumberStepsFinder" type="java.lang.NoClassDefFoundError">
      <![CDATA[java.lang.NoClassDefFoundError: Could not initialize class com.qmetry.qaf.automation.cucumber.CucumberStepsFinder
	at com.qmetry.qaf.automation.cucumber.CucumberStepLoader.afterInvocation(CucumberStepLoader.java:32)
	at org.testng.internal.invokers.InvokedMethodListenerInvoker$InvokeAfterInvocationWithoutContextStrategy.callMethod(InvokedMethodListenerInvoker.java:100)
	at org.testng.internal.invokers.InvokedMethodListenerInvoker.invokeListener(InvokedMethodListenerInvoker.java:62)
	at org.testng.internal.Invoker.runInvokedMethodListeners(Invoker.java:557)
	at org.testng.internal.Invoker.invokeMethod(Invoker.java:702)
	at org.testng.internal.Invoker.invokeTestMethod(Invoker.java:851)
	at org.testng.internal.Invoker.invokeTestMethods(Invoker.java:1177)
	at org.testng.internal.TestMethodWorker.invokeTestMethods(TestMethodWorker.java:129)
	at org.testng.internal.TestMethodWorker.run(TestMethodWorker.java:112)
	at java.base/java.util.concurrent.ThreadPoolExecutor.runWorker(ThreadPoolExecutor.java:1130)
	at java.base/java.util.concurrent.ThreadPoolExecutor$Worker.run(ThreadPoolExecutor.java:630)
	at java.base/java.lang.Thread.run(Thread.java:831)
]]>
    </error>
  </testcase> <!-- Validate google search text box -->
</testsuite> <!-- com.qmetry.qaf.automation.step.client.Scenario -->
